#
# There is insufficient memory for the Java Runtime Environment to continue.
# Native memory allocation (malloc) failed to allocate 32744 bytes for ChunkPool::allocate
# Possible reasons:
#   The system is out of physical RAM or swap space
#   In 32 bit mode, the process size limit was hit
# Possible solutions:
#   Reduce memory load on the system
#   Increase physical memory or swap space
#   Check if swap backing store is full
#   Use 64 bit Java on a 64 bit OS
#   Decrease Java heap size (-Xmx/-Xms)
#   Decrease number of Java threads
#   Decrease Java thread stack sizes (-Xss)
#   Set larger code cache with -XX:ReservedCodeCacheSize=
# This output file may be truncated or incomplete.
#
#  Out of Memory Error (allocation.cpp:271), pid=12340, tid=8940
#
# JRE version: Java(TM) SE Runtime Environment (8.0_11-b12) (build 1.8.0_11-b12)
# Java VM: Java HotSpot(TM) 64-Bit Server VM (25.11-b03 mixed mode windows-amd64 compressed oops)
# Failed to write core dump. Minidumps are not enabled by default on client versions of Windows
#

---------------  T H R E A D  ---------------

Current thread (0x0000000016fb0000):  JavaThread "C1 CompilerThread3" daemon [_thread_in_native, id=8940, stack(0x0000000017880000,0x0000000017980000)]

Stack: [0x0000000017880000,0x0000000017980000]
Native frames: (J=compiled Java code, j=interpreted, Vv=VM code, C=native code)
V  [jvm.dll+0x308eca]


Current CompileTask:
C1:    344  110       3       sun.nio.cs.UTF_8$Decoder::decode (759 bytes)


---------------  P R O C E S S  ---------------

Java Threads: ( => current thread )
  0x0000000016fba000 JavaThread "Service Thread" daemon [_thread_blocked, id=11656, stack(0x0000000017980000,0x0000000017a80000)]
=>0x0000000016fb0000 JavaThread "C1 CompilerThread3" daemon [_thread_in_native, id=8940, stack(0x0000000017880000,0x0000000017980000)]
  0x0000000016fab000 JavaThread "C2 CompilerThread2" daemon [_thread_blocked, id=13128, stack(0x0000000017780000,0x0000000017880000)]
  0x0000000016faa000 JavaThread "C2 CompilerThread1" daemon [_thread_blocked, id=13160, stack(0x0000000017680000,0x0000000017780000)]
  0x0000000016fa7000 JavaThread "C2 CompilerThread0" daemon [_thread_blocked, id=11420, stack(0x0000000017580000,0x0000000017680000)]
  0x0000000016fa4800 JavaThread "Attach Listener" daemon [_thread_blocked, id=5212, stack(0x0000000017480000,0x0000000017580000)]
  0x0000000002487000 JavaThread "Signal Dispatcher" daemon [_thread_blocked, id=5772, stack(0x0000000017380000,0x0000000017480000)]
  0x0000000002483000 JavaThread "Finalizer" daemon [_thread_blocked, id=7696, stack(0x0000000016e80000,0x0000000016f80000)]
  0x0000000002480000 JavaThread "Reference Handler" daemon [_thread_blocked, id=12920, stack(0x0000000016d80000,0x0000000016e80000)]
  0x000000000238e000 JavaThread "main" [_thread_in_Java, id=756, stack(0x00000000021f0000,0x00000000022f0000)]

Other Threads:
  0x0000000014fa8800 VMThread [stack: 0x0000000016c80000,0x0000000016d80000] [id=4152]
  0x0000000016fbb000 WatcherThread [stack: 0x0000000017a80000,0x0000000017b80000] [id=1948]

VM state:not at safepoint (normal execution)

VM Mutex/Monitor currently owned by a thread: None

Heap:
 PSYoungGen      total 1536K, used 1147K [0x00000000eab00000, 0x00000000ead00000, 0x0000000100000000)
  eden space 1024K, 65% used [0x00000000eab00000,0x00000000eaba6e08,0x00000000eac00000)
  from space 512K, 93% used [0x00000000eac80000,0x00000000eacf8020,0x00000000ead00000)
  to   space 512K, 0% used [0x00000000eac00000,0x00000000eac00000,0x00000000eac80000)
 ParOldGen       total 260608K, used 117K [0x00000000c0000000, 0x00000000cfe80000, 0x00000000eab00000)
  object space 260608K, 0% used [0x00000000c0000000,0x00000000c001d700,0x00000000cfe80000)
 Metaspace       used 3314K, capacity 4720K, committed 4864K, reserved 1056768K
  class space    used 367K, capacity 424K, committed 512K, reserved 1048576K

Card table byte_map: [0x0000000011850000,0x0000000011a60000] byte_map_base: 0x0000000011250000

Marking Bits: (ParMarkBitMap*) 0x0000000062db12b0
 Begin Bits: [0x00000000123c0000, 0x00000000133c0000)
 End Bits:   [0x00000000133c0000, 0x00000000143c0000)

Polling page: 0x00000000009d0000

CodeCache: size=245760Kb used=1262Kb max_used=1262Kb free=244497Kb
 bounds [0x0000000002490000, 0x0000000002700000, 0x0000000011490000]
 total_blobs=354 nmethods=110 adapters=158
 compilation: enabled

Compilation events (10 events):
Event: 0.299 Thread 0x0000000016fb0000 nmethod 104 0x00000000025c8c50 code [0x00000000025c8da0, 0x00000000025c8eb0]
Event: 0.299 Thread 0x0000000016fb0000  105       3       java.util.Date::getCalendarSystem (15 bytes)
Event: 0.299 Thread 0x0000000016fb0000 nmethod 105 0x00000000025c8f10 code [0x00000000025c90a0, 0x00000000025c95c8]
Event: 0.299 Thread 0x0000000016fb0000  107       3       sun.util.calendar.ZoneInfo::getOffsets (276 bytes)
Event: 0.300 Thread 0x0000000016fb0000 nmethod 107 0x00000000025c9750 code [0x00000000025c9980, 0x00000000025ca708]
Event: 0.300 Thread 0x0000000016fb0000  106       1       sun.util.calendar.CalendarDate::isStandardTime (5 bytes)
Event: 0.300 Thread 0x0000000016fb0000 nmethod 106 0x00000000025caf50 code [0x00000000025cb0a0, 0x00000000025cb1b0]
Event: 0.300 Thread 0x0000000016fb0000  108       1       sun.util.calendar.BaseCalendar$Date::getCachedYear (5 bytes)
Event: 0.300 Thread 0x0000000016fb0000 nmethod 108 0x00000000025cb210 code [0x00000000025cb360, 0x00000000025cb470]
Event: 0.340 Thread 0x0000000016fb0000  110       3       sun.nio.cs.UTF_8$Decoder::decode (759 bytes)

GC Heap History (4 events):
Event: 0.159 GC heap before
{Heap before GC invocations=1 (full 0):
 PSYoungGen      total 1024K, used 512K [0x00000000eab00000, 0x00000000eac80000, 0x0000000100000000)
  eden space 512K, 100% used [0x00000000eab00000,0x00000000eab80000,0x00000000eab80000)
  from space 512K, 0% used [0x00000000eac00000,0x00000000eac00000,0x00000000eac80000)
  to   space 512K, 0% used [0x00000000eab80000,0x00000000eab80000,0x00000000eac00000)
 ParOldGen       total 260608K, used 0K [0x00000000c0000000, 0x00000000cfe80000, 0x00000000eab00000)
  object space 260608K, 0% used [0x00000000c0000000,0x00000000c0000000,0x00000000cfe80000)
 Metaspace       used 2520K, capacity 4480K, committed 4480K, reserved 1056768K
  class space    used 274K, capacity 384K, committed 384K, reserved 1048576K
Event: 0.176 GC heap after
Heap after GC invocations=1 (full 0):
 PSYoungGen      total 1024K, used 448K [0x00000000eab00000, 0x00000000ead00000, 0x0000000100000000)
  eden space 512K, 0% used [0x00000000eab00000,0x00000000eab00000,0x00000000eab80000)
  from space 512K, 87% used [0x00000000eab80000,0x00000000eabf0020,0x00000000eac00000)
  to   space 512K, 0% used [0x00000000eac80000,0x00000000eac80000,0x00000000ead00000)
 ParOldGen       total 260608K, used 8K [0x00000000c0000000, 0x00000000cfe80000, 0x00000000eab00000)
  object space 260608K, 0% used [0x00000000c0000000,0x00000000c0002000,0x00000000cfe80000)
 Metaspace       used 2520K, capacity 4480K, committed 4480K, reserved 1056768K
  class space    used 274K, capacity 384K, committed 384K, reserved 1048576K
}
Event: 0.230 GC heap before
{Heap before GC invocations=2 (full 0):
 PSYoungGen      total 1024K, used 960K [0x00000000eab00000, 0x00000000ead00000, 0x0000000100000000)
  eden space 512K, 100% used [0x00000000eab00000,0x00000000eab80000,0x00000000eab80000)
  from space 512K, 87% used [0x00000000eab80000,0x00000000eabf0020,0x00000000eac00000)
  to   space 512K, 0% used [0x00000000eac80000,0x00000000eac80000,0x00000000ead00000)
 ParOldGen       total 260608K, used 8K [0x00000000c0000000, 0x00000000cfe80000, 0x00000000eab00000)
  object space 260608K, 0% used [0x00000000c0000000,0x00000000c0002000,0x00000000cfe80000)
 Metaspace       used 2924K, capacity 4656K, committed 4864K, reserved 1056768K
  class space    used 319K, capacity 424K, committed 512K, reserved 1048576K
Event: 0.251 GC heap after
Heap after GC invocations=2 (full 0):
 PSYoungGen      total 1536K, used 480K [0x00000000eab00000, 0x00000000ead00000, 0x0000000100000000)
  eden space 1024K, 0% used [0x00000000eab00000,0x00000000eab00000,0x00000000eac00000)
  from space 512K, 93% used [0x00000000eac80000,0x00000000eacf8020,0x00000000ead00000)
  to   space 512K, 0% used [0x00000000eac00000,0x00000000eac00000,0x00000000eac80000)
 ParOldGen       total 260608K, used 117K [0x00000000c0000000, 0x00000000cfe80000, 0x00000000eab00000)
  object space 260608K, 0% used [0x00000000c0000000,0x00000000c001d700,0x00000000cfe80000)
 Metaspace       used 2924K, capacity 4656K, committed 4864K, reserved 1056768K
  class space    used 319K, capacity 424K, committed 512K, reserved 1048576K
}

Deoptimization events (0 events):
No events

Internal exceptions (10 events):
Event: 0.286 Thread 0x000000000238e000 Exception <a 'java/security/PrivilegedActionException'> (0x00000000eab605e8) thrown at [C:\re\workspace\8-2-build-windows-amd64-cygwin\jdk8u11\648\hotspot\src\share\vm\prims\jvm.cpp, line 1248]
Event: 0.287 Thread 0x000000000238e000 Exception <a 'java/security/PrivilegedActionException'> (0x00000000eab63ae0) thrown at [C:\re\workspace\8-2-build-windows-amd64-cygwin\jdk8u11\648\hotspot\src\share\vm\prims\jvm.cpp, line 1248]
Event: 0.287 Thread 0x000000000238e000 Exception <a 'java/security/PrivilegedActionException'> (0x00000000eab68928) thrown at [C:\re\workspace\8-2-build-windows-amd64-cygwin\jdk8u11\648\hotspot\src\share\vm\prims\jvm.cpp, line 1248]
Event: 0.287 Thread 0x000000000238e000 Exception <a 'java/security/PrivilegedActionException'> (0x00000000eab6cfe0) thrown at [C:\re\workspace\8-2-build-windows-amd64-cygwin\jdk8u11\648\hotspot\src\share\vm\prims\jvm.cpp, line 1248]
Event: 0.288 Thread 0x000000000238e000 Exception <a 'java/security/PrivilegedActionException'> (0x00000000eab70e50) thrown at [C:\re\workspace\8-2-build-windows-amd64-cygwin\jdk8u11\648\hotspot\src\share\vm\prims\jvm.cpp, line 1248]
Event: 0.289 Thread 0x000000000238e000 Exception <a 'java/security/PrivilegedActionException'> (0x00000000eab76550) thrown at [C:\re\workspace\8-2-build-windows-amd64-cygwin\jdk8u11\648\hotspot\src\share\vm\prims\jvm.cpp, line 1248]
Event: 0.294 Thread 0x000000000238e000 Exception <a 'java/security/PrivilegedActionException'> (0x00000000eab7fe88) thrown at [C:\re\workspace\8-2-build-windows-amd64-cygwin\jdk8u11\648\hotspot\src\share\vm\prims\jvm.cpp, line 1248]
Event: 0.295 Thread 0x000000000238e000 Exception <a 'java/security/PrivilegedActionException'> (0x00000000eab858d8) thrown at [C:\re\workspace\8-2-build-windows-amd64-cygwin\jdk8u11\648\hotspot\src\share\vm\prims\jvm.cpp, line 1248]
Event: 0.296 Thread 0x000000000238e000 Exception <a 'java/security/PrivilegedActionException'> (0x00000000eab87c80) thrown at [C:\re\workspace\8-2-build-windows-amd64-cygwin\jdk8u11\648\hotspot\src\share\vm\prims\jvm.cpp, line 1248]
Event: 0.342 Thread 0x000000000238e000 Exception <a 'java/security/PrivilegedActionException'> (0x00000000eaba21c0) thrown at [C:\re\workspace\8-2-build-windows-amd64-cygwin\jdk8u11\648\hotspot\src\share\vm\prims\jvm.cpp, line 1248]

Events (10 events):
Event: 0.294 loading class com/android/dx/cf/direct/ClassPathOpener
Event: 0.294 loading class com/android/dx/cf/direct/ClassPathOpener done
Event: 0.295 loading class com/android/dx/cf/direct/ClassPathOpener$1
Event: 0.295 loading class com/android/dx/cf/direct/ClassPathOpener$1 done
Event: 0.296 loading class com/android/dx/command/dexer/Main$FileBytesConsumer
Event: 0.296 loading class com/android/dx/command/dexer/Main$FileBytesConsumer done
Event: 0.296 loading class java/util/zip/ZipFile$ZipEntryIterator
Event: 0.296 loading class java/util/zip/ZipFile$ZipEntryIterator done
Event: 0.342 loading class com/android/dx/cf/direct/ClassPathOpener$3
Event: 0.342 loading class com/android/dx/cf/direct/ClassPathOpener$3 done


Dynamic libraries:
0x00007ff66a930000 - 0x00007ff66a964000 	C:\Program Files\Java\jdk1.8.0_11\bin\java.exe
0x00007fff39ae0000 - 0x00007fff39ca2000 	C:\WINDOWS\SYSTEM32\ntdll.dll
0x00007fff378f0000 - 0x00007fff3799d000 	C:\WINDOWS\system32\KERNEL32.DLL
0x00007fff36f70000 - 0x00007fff3714d000 	C:\WINDOWS\system32\KERNELBASE.dll
0x00007fff37780000 - 0x00007fff37826000 	C:\WINDOWS\system32\ADVAPI32.dll
0x00007fff37830000 - 0x00007fff378cd000 	C:\WINDOWS\system32\msvcrt.dll
0x00007fff39520000 - 0x00007fff3957b000 	C:\WINDOWS\system32\sechost.dll
0x00007fff38f30000 - 0x00007fff39056000 	C:\WINDOWS\system32\RPCRT4.dll
0x00007fff37220000 - 0x00007fff3736e000 	C:\WINDOWS\system32\USER32.dll
0x00007fff37370000 - 0x00007fff374f6000 	C:\WINDOWS\system32\GDI32.dll
0x00007fff322e0000 - 0x00007fff32554000 	C:\WINDOWS\WinSxS\amd64_microsoft.windows.common-controls_6595b64144ccf1df_6.0.10240.16384_none_f41f7b285750ef43\COMCTL32.dll
0x00007fff38ef0000 - 0x00007fff38f26000 	C:\WINDOWS\system32\IMM32.DLL
0x00007fff39130000 - 0x00007fff3928c000 	C:\WINDOWS\system32\MSCTF.dll
0x0000000062160000 - 0x0000000062232000 	C:\Program Files\Java\jdk1.8.0_11\jre\bin\msvcr100.dll
0x0000000062600000 - 0x0000000062e2a000 	C:\Program Files\Java\jdk1.8.0_11\jre\bin\server\jvm.dll
0x00007fff378d0000 - 0x00007fff378d8000 	C:\WINDOWS\system32\PSAPI.DLL
0x00007fff2a550000 - 0x00007fff2a559000 	C:\WINDOWS\SYSTEM32\WSOCK32.dll
0x00007fff39060000 - 0x00007fff390c9000 	C:\WINDOWS\system32\WS2_32.dll
0x00007fff398c0000 - 0x00007fff398c8000 	C:\WINDOWS\system32\NSI.dll
0x00007fff34780000 - 0x00007fff347a3000 	C:\WINDOWS\SYSTEM32\WINMM.dll
0x00007fff34720000 - 0x00007fff3474c000 	C:\WINDOWS\SYSTEM32\WINMMBASE.dll
0x00007fff365b0000 - 0x00007fff365f4000 	C:\WINDOWS\system32\cfgmgr32.dll
0x00007fff34ea0000 - 0x00007fff34ec7000 	C:\WINDOWS\SYSTEM32\DEVOBJ.dll
0x00000000625f0000 - 0x00000000625ff000 	C:\Program Files\Java\jdk1.8.0_11\jre\bin\verify.dll
0x00000000625c0000 - 0x00000000625e8000 	C:\Program Files\Java\jdk1.8.0_11\jre\bin\java.dll
0x00000000625a0000 - 0x00000000625b6000 	C:\Program Files\Java\jdk1.8.0_11\jre\bin\zip.dll
0x00007fff379c0000 - 0x00007fff38ee2000 	C:\WINDOWS\system32\SHELL32.dll
0x00007fff36600000 - 0x00007fff36c28000 	C:\WINDOWS\system32\windows.storage.dll
0x00007fff37500000 - 0x00007fff3777c000 	C:\WINDOWS\system32\combase.dll
0x00007fff390d0000 - 0x00007fff39121000 	C:\WINDOWS\system32\shlwapi.dll
0x00007fff365a0000 - 0x00007fff365af000 	C:\WINDOWS\system32\kernel.appcore.dll
0x00007fff36e00000 - 0x00007fff36eb3000 	C:\WINDOWS\system32\shcore.dll
0x00007fff36550000 - 0x00007fff3659a000 	C:\WINDOWS\system32\powrprof.dll
0x00007fff36510000 - 0x00007fff36523000 	C:\WINDOWS\system32\profapi.dll

VM Arguments:
jvm_args: -Djava.awt.headless=true -Xmx1024M -Dfile.encoding=windows-1252 -Duser.country=DK -Duser.language=da -Duser.variant 
java_command: com.android.dx.command.Main --dex --num-threads=4 --output C:\Users\ABjergfelt\Dropbox\HiMev5\app\build\intermediates\pre-dexed\debug\com.android.support-recyclerview-v7-23.2.0_674420855ffecb273ee2d1769fa114f59a00f94c.jar C:\Users\ABjergfelt\Dropbox\HiMev5\app\build\intermediates\exploded-aar\com.android.support\recyclerview-v7\23.2.0\jars\classes.jar
java_class_path (initial): C:\Users\ABjergfelt\AppData\Local\Android\sdk1\build-tools\23.0.2\lib\dx.jar
Launcher Type: SUN_STANDARD

Environment Variables:
JAVA_HOME=C:\Program Files\Java\jdk1.8.0_11
CLASSPATH=.;.;C:\Program Files (x86)\JMF2.1.1e\lib\sound.jar;C:\Program Files (x86)\JMF2.1.1e\lib\jmf.jar;C:\Program Files (x86)\JMF2.1.1e\lib;
PATH=C:\Python34\;C:\Python34\Scripts;C:\Program Files (x86)\Intel\iCLS Client\;C:\Program Files\Intel\iCLS Client\;C:\Windows\system32;C:\Windows;C:\Windows\System32\Wbem;C:\Windows\System32\WindowsPowerShell\v1.0\;C:\Program Files (x86)\Windows Live\Shared;C:\Program Files\Intel\Intel(R) Management Engine Components\DAL;C:\Program Files\Intel\Intel(R) Management Engine Components\IPT;C:\Program Files (x86)\Intel\Intel(R) Management Engine Components\DAL;C:\Program Files (x86)\Intel\Intel(R) Management Engine Components\IPT;C:\Program Files\Microsoft SQL Server\110\Tools\Binn\;C:\Program Files (x86)\Microsoft SDKs\TypeScript\1.0\;C:\Program Files\Microsoft SQL Server\120\Tools\Binn\;C:\Program Files\Microsoft SQL Server\Client SDK\ODBC\110\Tools\Binn\;C:\Program Files (x86)\Microsoft SQL Server\120\Tools\Binn\ManagementStudio\;C:\Program Files (x86)\Microsoft SQL Server\120\Tools\Binn\;C:\Program Files (x86)\Microsoft SQL Server\120\DTS\Binn\;C:\Program Files\Microsoft SQL Server\120\DTS\Binn\;C:\Program Files (x86)\NVIDIA Corporation\PhysX\Common;C:\HashiCorp\Vagrant\bin;C:\HaxeToolkit\haxe\;C:\HaxeToolkit\neko;C:\Program Files\Java\jdk1.8.0_11\bin;C:\Program Files (x86)\Android\android-sdk\tools;C:\Program Files (x86)\Android\android-sdk\platform-tools;C:\apache-ant-1.9.3\bin;C:\Program Files (x86)\nodejs\;C:\Program Files (x86)\Git\cmd;C:\Program Files (x86)\MySQL\MySQL Fabric 1.5 & MySQL Utilities 1.5\;C:\Program Files (x86)\MySQL\MySQL Fabric 1.5 & MySQL Utilities 1.5\Doctrine extensions for PHP\;C:\WINDOWS\system32;C:\WINDOWS;C:\WINDOWS\System32\Wbem;C:\WINDOWS\System32\WindowsPowerShell\v1.0\;C:\Program Files (x86)\Skype\Phone\;C:\Program Files\Git\cmd;C:\Users\ABjergfelt\Anaconda3;C:\Users\ABjergfelt\Anaconda3\Scripts;C:\Users\ABjergfelt\AppData\Roaming\npm
USERNAME=ABjergfelt
OS=Windows_NT
PROCESSOR_IDENTIFIER=Intel64 Family 6 Model 60 Stepping 3, GenuineIntel



---------------  S Y S T E M  ---------------

OS: Windows 8.1 , 64 bit Build 9600 

CPU:total 8 (4 cores per cpu, 2 threads per core) family 6 model 60 stepping 3, cmov, cx8, fxsr, mmx, sse, sse2, sse3, ssse3, sse4.1, sse4.2, popcnt, avx, avx2, aes, clmul, erms, ht, tsc, tscinvbit

Memory: 4k page, physical 16713824k(6635092k free), swap 20908128k(3408k free)

vm_info: Java HotSpot(TM) 64-Bit Server VM (25.11-b03) for windows-amd64 JRE (1.8.0_11-b12), built on Jun 16 2014 20:57:32 by "java_re" with MS VC++ 10.0 (VS2010)

time: Tue Mar 08 02:17:02 2016
elapsed time: 0 seconds

