#
# There is insufficient memory for the Java Runtime Environment to continue.
# Native memory allocation (malloc) failed to allocate 308256 bytes for Chunk::new
# Possible reasons:
#   The system is out of physical RAM or swap space
#   In 32 bit mode, the process size limit was hit
# Possible solutions:
#   Reduce memory load on the system
#   Increase physical memory or swap space
#   Check if swap backing store is full
#   Use 64 bit Java on a 64 bit OS
#   Decrease Java heap size (-Xmx/-Xms)
#   Decrease number of Java threads
#   Decrease Java thread stack sizes (-Xss)
#   Set larger code cache with -XX:ReservedCodeCacheSize=
# This output file may be truncated or incomplete.
#
#  Out of Memory Error (allocation.cpp:388), pid=4056, tid=11220
#
# JRE version: Java(TM) SE Runtime Environment (8.0_11-b12) (build 1.8.0_11-b12)
# Java VM: Java HotSpot(TM) 64-Bit Server VM (25.11-b03 mixed mode windows-amd64 compressed oops)
# Failed to write core dump. Minidumps are not enabled by default on client versions of Windows
#

---------------  T H R E A D  ---------------

Current thread (0x0000000016bdd000):  JavaThread "C2 CompilerThread2" daemon [_thread_in_native, id=11220, stack(0x00000000173b0000,0x00000000174b0000)]

Stack: [0x00000000173b0000,0x00000000174b0000]
Native frames: (J=compiled Java code, j=interpreted, Vv=VM code, C=native code)
V  [jvm.dll+0x308eca]
V  [jvm.dll+0x25e121]
V  [jvm.dll+0x25ed33]
V  [jvm.dll+0x256705]
V  [jvm.dll+0xbd2b5]
V  [jvm.dll+0xbd75c]
V  [jvm.dll+0x44d772]
V  [jvm.dll+0x48e3cf]
V  [jvm.dll+0x44266b]
V  [jvm.dll+0x4439eb]
V  [jvm.dll+0x427722]
V  [jvm.dll+0x96982]
V  [jvm.dll+0x97173]
V  [jvm.dll+0x2234b4]
V  [jvm.dll+0x27bcca]
C  [msvcr100.dll+0x21d9f]
C  [msvcr100.dll+0x21e3b]
C  [KERNEL32.DLL+0x12d92]
C  [ntdll.dll+0x9f64]


Current CompileTask:
C2:    657  480       4       java.util.TreeMap::put (247 bytes)


---------------  P R O C E S S  ---------------

Java Threads: ( => current thread )
  0x0000000016e16800 JavaThread "pool-1-thread-4" [_thread_blocked, id=1440, stack(0x0000000017bb0000,0x0000000017cb0000)]
  0x0000000016da2000 JavaThread "pool-1-thread-3" [_thread_blocked, id=4776, stack(0x0000000017ab0000,0x0000000017bb0000)]
  0x0000000016d9a000 JavaThread "pool-1-thread-2" [_thread_blocked, id=3092, stack(0x00000000179b0000,0x0000000017ab0000)]
  0x0000000016d97000 JavaThread "pool-2-thread-1" [_thread_blocked, id=2980, stack(0x00000000178b0000,0x00000000179b0000)]
  0x0000000016d94800 JavaThread "pool-1-thread-1" [_thread_blocked, id=12576, stack(0x00000000177b0000,0x00000000178b0000)]
  0x0000000016c52800 JavaThread "Service Thread" daemon [_thread_blocked, id=2944, stack(0x00000000175b0000,0x00000000176b0000)]
  0x0000000016be2000 JavaThread "C1 CompilerThread3" daemon [_thread_in_native, id=10268, stack(0x00000000174b0000,0x00000000175b0000)]
=>0x0000000016bdd000 JavaThread "C2 CompilerThread2" daemon [_thread_in_native, id=11220, stack(0x00000000173b0000,0x00000000174b0000)]
  0x0000000016bdc000 JavaThread "C2 CompilerThread1" daemon [_thread_blocked, id=9972, stack(0x00000000172b0000,0x00000000173b0000)]
  0x0000000016bd9000 JavaThread "C2 CompilerThread0" daemon [_thread_blocked, id=952, stack(0x00000000171b0000,0x00000000172b0000)]
  0x0000000016bd6800 JavaThread "Attach Listener" daemon [_thread_blocked, id=13116, stack(0x00000000170b0000,0x00000000171b0000)]
  0x0000000016bd5800 JavaThread "Signal Dispatcher" daemon [_thread_blocked, id=4692, stack(0x0000000016fb0000,0x00000000170b0000)]
  0x0000000002098800 JavaThread "Finalizer" daemon [_thread_blocked, id=12980, stack(0x0000000016ab0000,0x0000000016bb0000)]
  0x0000000002090000 JavaThread "Reference Handler" daemon [_thread_blocked, id=11728, stack(0x00000000169b0000,0x0000000016ab0000)]
  0x0000000001f9e000 JavaThread "main" [_thread_in_Java, id=620, stack(0x0000000001e60000,0x0000000001f60000)]

Other Threads:
  0x0000000014bd7800 VMThread [stack: 0x00000000168b0000,0x00000000169b0000] [id=10584]
  0x0000000016c54800 WatcherThread [stack: 0x00000000176b0000,0x00000000177b0000] [id=11768]

VM state:not at safepoint (normal execution)

VM Mutex/Monitor currently owned by a thread: None

Heap:
 PSYoungGen      total 3584K, used 3167K [0x00000000eab00000, 0x00000000eb200000, 0x0000000100000000)
  eden space 2048K, 98% used [0x00000000eab00000,0x00000000eacf6758,0x00000000ead00000)
  from space 1536K, 75% used [0x00000000eb080000,0x00000000eb1a1660,0x00000000eb200000)
  to   space 512K, 0% used [0x00000000ead00000,0x00000000ead00000,0x00000000ead80000)
 ParOldGen       total 260608K, used 1731K [0x00000000c0000000, 0x00000000cfe80000, 0x00000000eab00000)
  object space 260608K, 0% used [0x00000000c0000000,0x00000000c01b0cb0,0x00000000cfe80000)
 Metaspace       used 5225K, capacity 6384K, committed 6528K, reserved 1056768K
  class space    used 576K, capacity 616K, committed 640K, reserved 1048576K

Card table byte_map: [0x0000000011460000,0x0000000011670000] byte_map_base: 0x0000000010e60000

Marking Bits: (ParMarkBitMap*) 0x0000000062db12b0
 Begin Bits: [0x0000000011fd0000, 0x0000000012fd0000)
 End Bits:   [0x0000000012fd0000, 0x0000000013fd0000)

Polling page: 0x0000000001e40000

CodeCache: size=245760Kb used=2082Kb max_used=2094Kb free=243677Kb
 bounds [0x00000000020a0000, 0x0000000002310000, 0x00000000110a0000]
 total_blobs=761 nmethods=498 adapters=177
 compilation: enabled

Compilation events (10 events):
Event: 0.637 Thread 0x0000000016be2000  502       1       com.android.dx.cf.code.LineNumberList$Item::getStartPc (5 bytes)
Event: 0.637 Thread 0x0000000016be2000 nmethod 502 0x00000000022a4e10 code [0x00000000022a4f60, 0x00000000022a5070]
Event: 0.637 Thread 0x0000000016be2000  498       3       java.util.HashMap::containsKey (18 bytes)
Event: 0.637 Thread 0x0000000016be2000 nmethod 498 0x00000000022a4750 code [0x00000000022a48e0, 0x00000000022a4cd8]
Event: 0.637 Thread 0x0000000016be2000  501       1       com.android.dx.cf.code.ByteBlock::getLabel (5 bytes)
Event: 0.637 Thread 0x0000000016be2000 nmethod 501 0x00000000022a7e10 code [0x00000000022a7f60, 0x00000000022a8070]
Event: 0.637 Thread 0x0000000016be2000  492       3       com.android.dx.cf.code.ByteOps::opInfo (6 bytes)
Event: 0.637 Thread 0x0000000016bdc000  490       4       com.android.dx.cf.iface.StdAttributeList::findFirst (44 bytes)
Event: 0.637 Thread 0x0000000016be2000 nmethod 492 0x00000000022a80d0 code [0x00000000022a8220, 0x00000000022a8370]
Event: 0.637 Thread 0x0000000016be2000  493   !   3       com.android.dx.cf.code.BytecodeArray::parseInstruction (2764 bytes)

GC Heap History (10 events):
Event: 0.141 GC heap before
{Heap before GC invocations=2 (full 0):
 PSYoungGen      total 1024K, used 928K [0x00000000eab00000, 0x00000000ead00000, 0x0000000100000000)
  eden space 512K, 100% used [0x00000000eab00000,0x00000000eab80000,0x00000000eab80000)
  from space 512K, 81% used [0x00000000eab80000,0x00000000eabe8020,0x00000000eac00000)
  to   space 512K, 0% used [0x00000000eac80000,0x00000000eac80000,0x00000000ead00000)
 ParOldGen       total 260608K, used 8K [0x00000000c0000000, 0x00000000cfe80000, 0x00000000eab00000)
  object space 260608K, 0% used [0x00000000c0000000,0x00000000c0002000,0x00000000cfe80000)
 Metaspace       used 2924K, capacity 4656K, committed 4864K, reserved 1056768K
  class space    used 318K, capacity 424K, committed 512K, reserved 1048576K
Event: 0.144 GC heap after
Heap after GC invocations=2 (full 0):
 PSYoungGen      total 1536K, used 480K [0x00000000eab00000, 0x00000000ead00000, 0x0000000100000000)
  eden space 1024K, 0% used [0x00000000eab00000,0x00000000eab00000,0x00000000eac00000)
  from space 512K, 93% used [0x00000000eac80000,0x00000000eacf8020,0x00000000ead00000)
  to   space 512K, 0% used [0x00000000eac00000,0x00000000eac00000,0x00000000eac80000)
 ParOldGen       total 260608K, used 117K [0x00000000c0000000, 0x00000000cfe80000, 0x00000000eab00000)
  object space 260608K, 0% used [0x00000000c0000000,0x00000000c001d700,0x00000000cfe80000)
 Metaspace       used 2924K, capacity 4656K, committed 4864K, reserved 1056768K
  class space    used 318K, capacity 424K, committed 512K, reserved 1048576K
}
Event: 0.221 GC heap before
{Heap before GC invocations=3 (full 0):
 PSYoungGen      total 1536K, used 1504K [0x00000000eab00000, 0x00000000ead00000, 0x0000000100000000)
  eden space 1024K, 100% used [0x00000000eab00000,0x00000000eac00000,0x00000000eac00000)
  from space 512K, 93% used [0x00000000eac80000,0x00000000eacf8020,0x00000000ead00000)
  to   space 512K, 0% used [0x00000000eac00000,0x00000000eac00000,0x00000000eac80000)
 ParOldGen       total 260608K, used 117K [0x00000000c0000000, 0x00000000cfe80000, 0x00000000eab00000)
  object space 260608K, 0% used [0x00000000c0000000,0x00000000c001d700,0x00000000cfe80000)
 Metaspace       used 3501K, capacity 4880K, committed 5120K, reserved 1056768K
  class space    used 392K, capacity 456K, committed 512K, reserved 1048576K
Event: 0.233 GC heap after
Heap after GC invocations=3 (full 0):
 PSYoungGen      total 1536K, used 512K [0x00000000eab00000, 0x00000000eae00000, 0x0000000100000000)
  eden space 1024K, 0% used [0x00000000eab00000,0x00000000eab00000,0x00000000eac00000)
  from space 512K, 100% used [0x00000000eac00000,0x00000000eac80000,0x00000000eac80000)
  to   space 512K, 0% used [0x00000000ead80000,0x00000000ead80000,0x00000000eae00000)
 ParOldGen       total 260608K, used 398K [0x00000000c0000000, 0x00000000cfe80000, 0x00000000eab00000)
  object space 260608K, 0% used [0x00000000c0000000,0x00000000c0063b70,0x00000000cfe80000)
 Metaspace       used 3501K, capacity 4880K, committed 5120K, reserved 1056768K
  class space    used 392K, capacity 456K, committed 512K, reserved 1048576K
}
Event: 0.355 GC heap before
{Heap before GC invocations=4 (full 0):
 PSYoungGen      total 1536K, used 1536K [0x00000000eab00000, 0x00000000eae00000, 0x0000000100000000)
  eden space 1024K, 100% used [0x00000000eab00000,0x00000000eac00000,0x00000000eac00000)
  from space 512K, 100% used [0x00000000eac00000,0x00000000eac80000,0x00000000eac80000)
  to   space 512K, 0% used [0x00000000ead80000,0x00000000ead80000,0x00000000eae00000)
 ParOldGen       total 260608K, used 398K [0x00000000c0000000, 0x00000000cfe80000, 0x00000000eab00000)
  object space 260608K, 0% used [0x00000000c0000000,0x00000000c0063b70,0x00000000cfe80000)
 Metaspace       used 3754K, capacity 5104K, committed 5376K, reserved 1056768K
  class space    used 426K, capacity 488K, committed 512K, reserved 1048576K
Event: 0.367 GC heap after
Heap after GC invocations=4 (full 0):
 PSYoungGen      total 2560K, used 512K [0x00000000eab00000, 0x00000000eae00000, 0x0000000100000000)
  eden space 2048K, 0% used [0x00000000eab00000,0x00000000eab00000,0x00000000ead00000)
  from space 512K, 100% used [0x00000000ead80000,0x00000000eae00000,0x00000000eae00000)
  to   space 512K, 0% used [0x00000000ead00000,0x00000000ead00000,0x00000000ead80000)
 ParOldGen       total 260608K, used 825K [0x00000000c0000000, 0x00000000cfe80000, 0x00000000eab00000)
  object space 260608K, 0% used [0x00000000c0000000,0x00000000c00ce6a0,0x00000000cfe80000)
 Metaspace       used 3754K, capacity 5104K, committed 5376K, reserved 1056768K
  class space    used 426K, capacity 488K, committed 512K, reserved 1048576K
}
Event: 0.427 GC heap before
{Heap before GC invocations=5 (full 0):
 PSYoungGen      total 2560K, used 2557K [0x00000000eab00000, 0x00000000eae00000, 0x0000000100000000)
  eden space 2048K, 99% used [0x00000000eab00000,0x00000000eacff438,0x00000000ead00000)
  from space 512K, 100% used [0x00000000ead80000,0x00000000eae00000,0x00000000eae00000)
  to   space 512K, 0% used [0x00000000ead00000,0x00000000ead00000,0x00000000ead80000)
 ParOldGen       total 260608K, used 825K [0x00000000c0000000, 0x00000000cfe80000, 0x00000000eab00000)
  object space 260608K, 0% used [0x00000000c0000000,0x00000000c00ce6a0,0x00000000cfe80000)
 Metaspace       used 4183K, capacity 5456K, committed 5760K, reserved 1056768K
  class space    used 470K, capacity 520K, committed 640K, reserved 1048576K
Event: 0.441 GC heap after
Heap after GC invocations=5 (full 0):
 PSYoungGen      total 2560K, used 500K [0x00000000eab00000, 0x00000000eb200000, 0x0000000100000000)
  eden space 2048K, 0% used [0x00000000eab00000,0x00000000eab00000,0x00000000ead00000)
  from space 512K, 97% used [0x00000000ead00000,0x00000000ead7d380,0x00000000ead80000)
  to   space 1536K, 0% used [0x00000000eb080000,0x00000000eb080000,0x00000000eb200000)
 ParOldGen       total 260608K, used 1731K [0x00000000c0000000, 0x00000000cfe80000, 0x00000000eab00000)
  object space 260608K, 0% used [0x00000000c0000000,0x00000000c01b0cb0,0x00000000cfe80000)
 Metaspace       used 4183K, capacity 5456K, committed 5760K, reserved 1056768K
  class space    used 470K, capacity 520K, committed 640K, reserved 1048576K
}
Event: 0.511 GC heap before
{Heap before GC invocations=6 (full 0):
 PSYoungGen      total 2560K, used 2548K [0x00000000eab00000, 0x00000000eb200000, 0x0000000100000000)
  eden space 2048K, 100% used [0x00000000eab00000,0x00000000ead00000,0x00000000ead00000)
  from space 512K, 97% used [0x00000000ead00000,0x00000000ead7d380,0x00000000ead80000)
  to   space 1536K, 0% used [0x00000000eb080000,0x00000000eb080000,0x00000000eb200000)
 ParOldGen       total 260608K, used 1731K [0x00000000c0000000, 0x00000000cfe80000, 0x00000000eab00000)
  object space 260608K, 0% used [0x00000000c0000000,0x00000000c01b0cb0,0x00000000cfe80000)
 Metaspace       used 4848K, capacity 6032K, committed 6272K, reserved 1056768K
  class space    used 541K, capacity 584K, committed 640K, reserved 1048576K
Event: 0.549 GC heap after
Heap after GC invocations=6 (full 0):
 PSYoungGen      total 3584K, used 1157K [0x00000000eab00000, 0x00000000eb200000, 0x0000000100000000)
  eden space 2048K, 0% used [0x00000000eab00000,0x00000000eab00000,0x00000000ead00000)
  from space 1536K, 75% used [0x00000000eb080000,0x00000000eb1a1660,0x00000000eb200000)
  to   space 512K, 0% used [0x00000000ead00000,0x00000000ead00000,0x00000000ead80000)
 ParOldGen       total 260608K, used 1731K [0x00000000c0000000, 0x00000000cfe80000, 0x00000000eab00000)
  object space 260608K, 0% used [0x00000000c0000000,0x00000000c01b0cb0,0x00000000cfe80000)
 Metaspace       used 4848K, capacity 6032K, committed 6272K, reserved 1056768K
  class space    used 541K, capacity 584K, committed 640K, reserved 1048576K
}

Deoptimization events (8 events):
Event: 0.623 Thread 0x0000000016d94800 Uncommon trap: reason=class_check action=maybe_recompile pc=0x0000000002247630 method=com.android.dx.rop.cst.Constant.compareTo(Ljava/lang/Object;)I @ 2
Event: 0.623 Thread 0x0000000016d94800 Uncommon trap: reason=class_check action=maybe_recompile pc=0x00000000022437b0 method=com.android.dx.rop.cst.CstMemberRef.compareTo0(Lcom/android/dx/rop/cst/Constant;)I @ 1
Event: 0.623 Thread 0x0000000016d94800 Uncommon trap: reason=class_check action=maybe_recompile pc=0x0000000002247630 method=com.android.dx.rop.cst.Constant.compareTo(Ljava/lang/Object;)I @ 2
Event: 0.623 Thread 0x0000000016d94800 Uncommon trap: reason=class_check action=maybe_recompile pc=0x00000000022437b0 method=com.android.dx.rop.cst.CstMemberRef.compareTo0(Lcom/android/dx/rop/cst/Constant;)I @ 1
Event: 0.623 Thread 0x0000000016d94800 Uncommon trap: reason=class_check action=maybe_recompile pc=0x0000000002247630 method=com.android.dx.rop.cst.Constant.compareTo(Ljava/lang/Object;)I @ 2
Event: 0.623 Thread 0x0000000016d94800 Uncommon trap: reason=class_check action=maybe_recompile pc=0x00000000022437b0 method=com.android.dx.rop.cst.CstMemberRef.compareTo0(Lcom/android/dx/rop/cst/Constant;)I @ 1
Event: 0.623 Thread 0x0000000016d94800 Uncommon trap: reason=class_check action=maybe_recompile pc=0x0000000002247630 method=com.android.dx.rop.cst.Constant.compareTo(Ljava/lang/Object;)I @ 2
Event: 0.625 Thread 0x0000000016d94800 Uncommon trap: reason=class_check action=maybe_recompile pc=0x00000000022437b0 method=com.android.dx.rop.cst.CstMemberRef.compareTo0(Lcom/android/dx/rop/cst/Constant;)I @ 1

Internal exceptions (10 events):
Event: 0.611 Thread 0x0000000016d9a000 Exception <a 'java/security/PrivilegedActionException'> (0x00000000eac27b50) thrown at [C:\re\workspace\8-2-build-windows-amd64-cygwin\jdk8u11\648\hotspot\src\share\vm\prims\jvm.cpp, line 1248]
Event: 0.611 Thread 0x0000000016d94800 Exception <a 'java/security/PrivilegedActionException'> (0x00000000eab02610) thrown at [C:\re\workspace\8-2-build-windows-amd64-cygwin\jdk8u11\648\hotspot\src\share\vm\prims\jvm.cpp, line 1248]
Event: 0.619 Thread 0x0000000016d94800 Exception <a 'java/security/PrivilegedActionException'> (0x00000000eac3ab08) thrown at [C:\re\workspace\8-2-build-windows-amd64-cygwin\jdk8u11\648\hotspot\src\share\vm\prims\jvm.cpp, line 1248]
Event: 0.620 Thread 0x0000000016d94800 Exception <a 'java/security/PrivilegedActionException'> (0x00000000eac40e40) thrown at [C:\re\workspace\8-2-build-windows-amd64-cygwin\jdk8u11\648\hotspot\src\share\vm\prims\jvm.cpp, line 1248]
Event: 0.620 Thread 0x0000000016d94800 Exception <a 'java/security/PrivilegedActionException'> (0x00000000eac45598) thrown at [C:\re\workspace\8-2-build-windows-amd64-cygwin\jdk8u11\648\hotspot\src\share\vm\prims\jvm.cpp, line 1248]
Event: 0.621 Thread 0x0000000016d94800 Exception <a 'java/security/PrivilegedActionException'> (0x00000000eac47678) thrown at [C:\re\workspace\8-2-build-windows-amd64-cygwin\jdk8u11\648\hotspot\src\share\vm\prims\jvm.cpp, line 1248]
Event: 0.622 Thread 0x0000000016d94800 Exception <a 'java/security/PrivilegedActionException'> (0x00000000eac53ba8) thrown at [C:\re\workspace\8-2-build-windows-amd64-cygwin\jdk8u11\648\hotspot\src\share\vm\prims\jvm.cpp, line 1248]
Event: 0.622 Thread 0x0000000016d94800 Exception <a 'java/security/PrivilegedActionException'> (0x00000000eac59328) thrown at [C:\re\workspace\8-2-build-windows-amd64-cygwin\jdk8u11\648\hotspot\src\share\vm\prims\jvm.cpp, line 1248]
Event: 0.623 Thread 0x0000000016d94800 Exception <a 'java/security/PrivilegedActionException'> (0x00000000eac5c440) thrown at [C:\re\workspace\8-2-build-windows-amd64-cygwin\jdk8u11\648\hotspot\src\share\vm\prims\jvm.cpp, line 1248]
Event: 0.634 Thread 0x0000000001f9e000 Exception <a 'java/security/PrivilegedActionException'> (0x00000000eab09b88) thrown at [C:\re\workspace\8-2-build-windows-amd64-cygwin\jdk8u11\648\hotspot\src\share\vm\prims\jvm.cpp, line 1248]

Events (10 events):
Event: 0.623 Thread 0x0000000016d94800 DEOPT PACKING pc=0x00000000022437b0 sp=0x00000000178ae880
Event: 0.623 Thread 0x0000000016d94800 DEOPT UNPACKING pc=0x00000000020e55af sp=0x00000000178ae808 mode 2
Event: 0.623 Thread 0x0000000016d94800 Uncommon trap: trap_request=0xffffffde fr.pc=0x0000000002247630
Event: 0.623 Thread 0x0000000016d94800 DEOPT PACKING pc=0x0000000002247630 sp=0x00000000178ae830
Event: 0.623 Thread 0x0000000016d94800 DEOPT UNPACKING pc=0x00000000020e55af sp=0x00000000178ae7c0 mode 2
Event: 0.625 Thread 0x0000000016d94800 Uncommon trap: trap_request=0xffffffde fr.pc=0x00000000022437b0
Event: 0.625 Thread 0x0000000016d94800 DEOPT PACKING pc=0x00000000022437b0 sp=0x00000000178ae810
Event: 0.625 Thread 0x0000000016d94800 DEOPT UNPACKING pc=0x00000000020e55af sp=0x00000000178ae798 mode 2
Event: 0.634 loading class com/android/dx/cf/code/BytecodeArray$ConstantParserVisitor
Event: 0.634 loading class com/android/dx/cf/code/BytecodeArray$ConstantParserVisitor done


Dynamic libraries:
0x00007ff66a930000 - 0x00007ff66a964000 	C:\Program Files\Java\jdk1.8.0_11\bin\java.exe
0x00007fff39ae0000 - 0x00007fff39ca2000 	C:\WINDOWS\SYSTEM32\ntdll.dll
0x00007fff378f0000 - 0x00007fff3799d000 	C:\WINDOWS\system32\KERNEL32.DLL
0x00007fff36f70000 - 0x00007fff3714d000 	C:\WINDOWS\system32\KERNELBASE.dll
0x00007fff37780000 - 0x00007fff37826000 	C:\WINDOWS\system32\ADVAPI32.dll
0x00007fff37830000 - 0x00007fff378cd000 	C:\WINDOWS\system32\msvcrt.dll
0x00007fff39520000 - 0x00007fff3957b000 	C:\WINDOWS\system32\sechost.dll
0x00007fff38f30000 - 0x00007fff39056000 	C:\WINDOWS\system32\RPCRT4.dll
0x00007fff37220000 - 0x00007fff3736e000 	C:\WINDOWS\system32\USER32.dll
0x00007fff37370000 - 0x00007fff374f6000 	C:\WINDOWS\system32\GDI32.dll
0x00007fff322e0000 - 0x00007fff32554000 	C:\WINDOWS\WinSxS\amd64_microsoft.windows.common-controls_6595b64144ccf1df_6.0.10240.16384_none_f41f7b285750ef43\COMCTL32.dll
0x00007fff38ef0000 - 0x00007fff38f26000 	C:\WINDOWS\system32\IMM32.DLL
0x00007fff39130000 - 0x00007fff3928c000 	C:\WINDOWS\system32\MSCTF.dll
0x0000000062160000 - 0x0000000062232000 	C:\Program Files\Java\jdk1.8.0_11\jre\bin\msvcr100.dll
0x0000000062600000 - 0x0000000062e2a000 	C:\Program Files\Java\jdk1.8.0_11\jre\bin\server\jvm.dll
0x00007fff378d0000 - 0x00007fff378d8000 	C:\WINDOWS\system32\PSAPI.DLL
0x00007fff2a550000 - 0x00007fff2a559000 	C:\WINDOWS\SYSTEM32\WSOCK32.dll
0x00007fff39060000 - 0x00007fff390c9000 	C:\WINDOWS\system32\WS2_32.dll
0x00007fff398c0000 - 0x00007fff398c8000 	C:\WINDOWS\system32\NSI.dll
0x00007fff34780000 - 0x00007fff347a3000 	C:\WINDOWS\SYSTEM32\WINMM.dll
0x00007fff34720000 - 0x00007fff3474c000 	C:\WINDOWS\SYSTEM32\WINMMBASE.dll
0x00007fff365b0000 - 0x00007fff365f4000 	C:\WINDOWS\system32\cfgmgr32.dll
0x00007fff34ea0000 - 0x00007fff34ec7000 	C:\WINDOWS\SYSTEM32\DEVOBJ.dll
0x00000000625f0000 - 0x00000000625ff000 	C:\Program Files\Java\jdk1.8.0_11\jre\bin\verify.dll
0x00000000625c0000 - 0x00000000625e8000 	C:\Program Files\Java\jdk1.8.0_11\jre\bin\java.dll
0x00000000625a0000 - 0x00000000625b6000 	C:\Program Files\Java\jdk1.8.0_11\jre\bin\zip.dll
0x00007fff379c0000 - 0x00007fff38ee2000 	C:\WINDOWS\system32\SHELL32.dll
0x00007fff36600000 - 0x00007fff36c28000 	C:\WINDOWS\system32\windows.storage.dll
0x00007fff37500000 - 0x00007fff3777c000 	C:\WINDOWS\system32\combase.dll
0x00007fff390d0000 - 0x00007fff39121000 	C:\WINDOWS\system32\shlwapi.dll
0x00007fff365a0000 - 0x00007fff365af000 	C:\WINDOWS\system32\kernel.appcore.dll
0x00007fff36e00000 - 0x00007fff36eb3000 	C:\WINDOWS\system32\shcore.dll
0x00007fff36550000 - 0x00007fff3659a000 	C:\WINDOWS\system32\powrprof.dll
0x00007fff36510000 - 0x00007fff36523000 	C:\WINDOWS\system32\profapi.dll
0x00007fff2c360000 - 0x00007fff2c4ea000 	C:\WINDOWS\SYSTEM32\dbghelp.dll

VM Arguments:
jvm_args: -Djava.awt.headless=true -Xmx1024M -Dfile.encoding=windows-1252 -Duser.country=DK -Duser.language=da -Duser.variant 
java_command: com.android.dx.command.Main --dex --num-threads=4 --output C:\Users\ABjergfelt\Dropbox\HiMev5\app\build\intermediates\pre-dexed\debug\debug_d8748fa7072875cdf9f8eb4471b985f8875af00b.jar C:\Users\ABjergfelt\Dropbox\HiMev5\app\build\intermediates\classes\debug
java_class_path (initial): C:\Users\ABjergfelt\AppData\Local\Android\sdk1\build-tools\23.0.2\lib\dx.jar
Launcher Type: SUN_STANDARD

Environment Variables:
JAVA_HOME=C:\Program Files\Java\jdk1.8.0_11
CLASSPATH=.;.;C:\Program Files (x86)\JMF2.1.1e\lib\sound.jar;C:\Program Files (x86)\JMF2.1.1e\lib\jmf.jar;C:\Program Files (x86)\JMF2.1.1e\lib;
PATH=C:\Python34\;C:\Python34\Scripts;C:\Program Files (x86)\Intel\iCLS Client\;C:\Program Files\Intel\iCLS Client\;C:\Windows\system32;C:\Windows;C:\Windows\System32\Wbem;C:\Windows\System32\WindowsPowerShell\v1.0\;C:\Program Files (x86)\Windows Live\Shared;C:\Program Files\Intel\Intel(R) Management Engine Components\DAL;C:\Program Files\Intel\Intel(R) Management Engine Components\IPT;C:\Program Files (x86)\Intel\Intel(R) Management Engine Components\DAL;C:\Program Files (x86)\Intel\Intel(R) Management Engine Components\IPT;C:\Program Files\Microsoft SQL Server\110\Tools\Binn\;C:\Program Files (x86)\Microsoft SDKs\TypeScript\1.0\;C:\Program Files\Microsoft SQL Server\120\Tools\Binn\;C:\Program Files\Microsoft SQL Server\Client SDK\ODBC\110\Tools\Binn\;C:\Program Files (x86)\Microsoft SQL Server\120\Tools\Binn\ManagementStudio\;C:\Program Files (x86)\Microsoft SQL Server\120\Tools\Binn\;C:\Program Files (x86)\Microsoft SQL Server\120\DTS\Binn\;C:\Program Files\Microsoft SQL Server\120\DTS\Binn\;C:\Program Files (x86)\NVIDIA Corporation\PhysX\Common;C:\HashiCorp\Vagrant\bin;C:\HaxeToolkit\haxe\;C:\HaxeToolkit\neko;C:\Program Files\Java\jdk1.8.0_11\bin;C:\Program Files (x86)\Android\android-sdk\tools;C:\Program Files (x86)\Android\android-sdk\platform-tools;C:\apache-ant-1.9.3\bin;C:\Program Files (x86)\nodejs\;C:\Program Files (x86)\Git\cmd;C:\Program Files (x86)\MySQL\MySQL Fabric 1.5 & MySQL Utilities 1.5\;C:\Program Files (x86)\MySQL\MySQL Fabric 1.5 & MySQL Utilities 1.5\Doctrine extensions for PHP\;C:\WINDOWS\system32;C:\WINDOWS;C:\WINDOWS\System32\Wbem;C:\WINDOWS\System32\WindowsPowerShell\v1.0\;C:\Program Files (x86)\Skype\Phone\;C:\Program Files\Git\cmd;C:\Users\ABjergfelt\Anaconda3;C:\Users\ABjergfelt\Anaconda3\Scripts;C:\Users\ABjergfelt\AppData\Roaming\npm
USERNAME=ABjergfelt
OS=Windows_NT
PROCESSOR_IDENTIFIER=Intel64 Family 6 Model 60 Stepping 3, GenuineIntel



---------------  S Y S T E M  ---------------

OS: Windows 8.1 , 64 bit Build 9600 

CPU:total 8 (4 cores per cpu, 2 threads per core) family 6 model 60 stepping 3, cmov, cx8, fxsr, mmx, sse, sse2, sse3, ssse3, sse4.1, sse4.2, popcnt, avx, avx2, aes, clmul, erms, ht, tsc, tscinvbit

Memory: 4k page, physical 16713824k(6435468k free), swap 20908128k(444k free)

vm_info: Java HotSpot(TM) 64-Bit Server VM (25.11-b03) for windows-amd64 JRE (1.8.0_11-b12), built on Jun 16 2014 20:57:32 by "java_re" with MS VC++ 10.0 (VS2010)

time: Mon Mar 07 23:53:23 2016
elapsed time: 0 seconds

